mode: set
github.com/go-ruby-thor/thor/base.go:49.53,56.2 1 0
github.com/go-ruby-thor/thor/base.go:59.39,62.33 3 0
github.com/go-ruby-thor/thor/base.go:62.33,64.3 1 0
github.com/go-ruby-thor/thor/base.go:65.2,65.19 1 0
github.com/go-ruby-thor/thor/base.go:69.38,69.59 1 0
github.com/go-ruby-thor/thor/base.go:71.44,72.28 1 0
github.com/go-ruby-thor/thor/base.go:72.28,74.3 1 0
github.com/go-ruby-thor/thor/base.go:75.2,75.25 1 0
github.com/go-ruby-thor/thor/base.go:81.66,82.16 1 0
github.com/go-ruby-thor/thor/base.go:82.16,84.3 1 0
github.com/go-ruby-thor/thor/base.go:85.2,86.28 2 0
github.com/go-ruby-thor/thor/base.go:86.28,89.3 1 0
github.com/go-ruby-thor/thor/base.go:90.2,90.9 1 0
github.com/go-ruby-thor/thor/base.go:91.31,91.31 0 0
github.com/go-ruby-thor/thor/base.go:93.25,94.21 1 0
github.com/go-ruby-thor/thor/base.go:95.10,96.26 1 0
github.com/go-ruby-thor/thor/base.go:98.2,98.48 1 0
github.com/go-ruby-thor/thor/base.go:103.63,106.31 3 0
github.com/go-ruby-thor/thor/base.go:106.31,107.15 1 0
github.com/go-ruby-thor/thor/base.go:107.15,108.12 1 0
github.com/go-ruby-thor/thor/base.go:110.3,110.21 1 0
github.com/go-ruby-thor/thor/base.go:112.2,112.23 1 0
github.com/go-ruby-thor/thor/base.go:112.23,114.3 1 0
github.com/go-ruby-thor/thor/base.go:115.2,116.21 2 0
github.com/go-ruby-thor/thor/base.go:116.21,117.45 1 0
github.com/go-ruby-thor/thor/base.go:117.45,119.4 1 0
github.com/go-ruby-thor/thor/base.go:121.2,126.34 4 0
github.com/go-ruby-thor/thor/base.go:126.34,128.29 2 0
github.com/go-ruby-thor/thor/base.go:128.29,130.4 1 0
github.com/go-ruby-thor/thor/base.go:131.3,131.15 1 0
github.com/go-ruby-thor/thor/base.go:131.15,134.4 2 0
github.com/go-ruby-thor/thor/base.go:137.2,137.35 1 0
github.com/go-ruby-thor/thor/base.go:137.35,139.3 1 0
github.com/go-ruby-thor/thor/base.go:140.2,140.22 1 0
github.com/go-ruby-thor/thor/base.go:140.22,142.3 1 0
github.com/go-ruby-thor/thor/base.go:143.2,143.22 1 0
github.com/go-ruby-thor/thor/base.go:150.67,155.16 4 0
github.com/go-ruby-thor/thor/base.go:155.16,157.3 1 0
github.com/go-ruby-thor/thor/base.go:158.2,159.20 2 0
github.com/go-ruby-thor/thor/base.go:159.20,162.3 1 0
github.com/go-ruby-thor/thor/base.go:164.2,166.16 3 0
github.com/go-ruby-thor/thor/base.go:166.16,168.3 1 0
github.com/go-ruby-thor/thor/base.go:170.2,171.26 2 0
github.com/go-ruby-thor/thor/base.go:177.59,178.21 1 0
github.com/go-ruby-thor/thor/base.go:178.21,180.3 1 0
github.com/go-ruby-thor/thor/base.go:181.2,182.56 2 0
github.com/go-ruby-thor/thor/base.go:182.56,185.3 2 0
github.com/go-ruby-thor/thor/base.go:186.2,186.11 1 0
github.com/go-ruby-thor/thor/base.go:191.54,193.27 2 0
github.com/go-ruby-thor/thor/base.go:193.27,194.38 1 0
github.com/go-ruby-thor/thor/base.go:194.38,195.9 1 0
github.com/go-ruby-thor/thor/base.go:198.2,198.27 1 0
github.com/go-ruby-thor/thor/command.go:38.78,46.2 1 0
github.com/go-ruby-thor/thor/command.go:50.44,52.30 2 0
github.com/go-ruby-thor/thor/command.go:52.30,53.17 1 0
github.com/go-ruby-thor/thor/command.go:53.17,55.4 1 0
github.com/go-ruby-thor/thor/command.go:57.2,58.33 2 0
github.com/go-ruby-thor/thor/command.go:65.106,67.9 2 0
github.com/go-ruby-thor/thor/command.go:68.28,69.35 1 0
github.com/go-ruby-thor/thor/command.go:70.20,72.46 2 0
github.com/go-ruby-thor/thor/command.go:72.46,74.4 1 0
github.com/go-ruby-thor/thor/command.go:75.3,75.23 1 0
github.com/go-ruby-thor/thor/command.go:76.18,78.38 2 0
github.com/go-ruby-thor/thor/command.go:81.2,83.45 3 0
github.com/go-ruby-thor/thor/command.go:88.63,89.20 1 0
github.com/go-ruby-thor/thor/command.go:89.20,91.3 1 0
github.com/go-ruby-thor/thor/command.go:92.2,93.25 2 0
github.com/go-ruby-thor/thor/command.go:93.25,94.37 1 0
github.com/go-ruby-thor/thor/command.go:94.37,96.4 1 0
github.com/go-ruby-thor/thor/command.go:98.2,100.40 2 0
github.com/go-ruby-thor/thor/command.go:100.40,102.3 1 0
github.com/go-ruby-thor/thor/command.go:103.2,103.16 1 0
github.com/go-ruby-thor/thor/command.go:108.38,109.16 1 0
github.com/go-ruby-thor/thor/command.go:109.16,111.3 1 0
github.com/go-ruby-thor/thor/command.go:112.2,112.29 1 0
github.com/go-ruby-thor/thor/errors.go:31.36,32.11 1 0
github.com/go-ruby-thor/thor/errors.go:33.35,34.46 1 0
github.com/go-ruby-thor/thor/errors.go:35.32,36.43 1 0
github.com/go-ruby-thor/thor/errors.go:37.27,38.38 1 0
github.com/go-ruby-thor/thor/errors.go:39.29,40.40 1 0
github.com/go-ruby-thor/thor/errors.go:41.38,42.49 1 0
github.com/go-ruby-thor/thor/errors.go:43.28,44.39 1 0
github.com/go-ruby-thor/thor/errors.go:45.28,46.39 1 0
github.com/go-ruby-thor/thor/errors.go:47.20,48.25 1 0
github.com/go-ruby-thor/thor/errors.go:50.2,50.22 1 0
github.com/go-ruby-thor/thor/errors.go:62.32,62.48 1 0
github.com/go-ruby-thor/thor/errors.go:64.50,64.89 1 0
github.com/go-ruby-thor/thor/help.go:12.34,13.29 1 0
github.com/go-ruby-thor/thor/help.go:13.29,15.3 1 0
github.com/go-ruby-thor/thor/help.go:16.2,16.26 1 0
github.com/go-ruby-thor/thor/help.go:19.28,21.16 2 0
github.com/go-ruby-thor/thor/help.go:21.16,22.29 1 0
github.com/go-ruby-thor/thor/help.go:22.29,22.42 1 0
github.com/go-ruby-thor/thor/help.go:24.2,24.51 1 0
github.com/go-ruby-thor/thor/help.go:29.59,32.26 3 0
github.com/go-ruby-thor/thor/help.go:32.26,34.3 1 0
github.com/go-ruby-thor/thor/help.go:35.2,35.34 1 0
github.com/go-ruby-thor/thor/help.go:40.64,42.16 2 0
github.com/go-ruby-thor/thor/help.go:42.16,44.3 1 0
github.com/go-ruby-thor/thor/help.go:45.2,46.20 2 0
github.com/go-ruby-thor/thor/help.go:46.20,49.3 1 0
github.com/go-ruby-thor/thor/help.go:51.2,61.35 7 0
github.com/go-ruby-thor/thor/help.go:61.35,63.34 2 0
github.com/go-ruby-thor/thor/help.go:63.34,65.4 1 0
github.com/go-ruby-thor/thor/help.go:65.9,67.4 1 0
github.com/go-ruby-thor/thor/help.go:68.8,70.3 1 0
github.com/go-ruby-thor/thor/help.go:71.2,71.26 1 0
github.com/go-ruby-thor/thor/help.go:76.30,78.45 2 0
github.com/go-ruby-thor/thor/help.go:78.45,78.79 1 0
github.com/go-ruby-thor/thor/help.go:80.2,81.32 2 0
github.com/go-ruby-thor/thor/help.go:81.32,83.3 1 0
github.com/go-ruby-thor/thor/help.go:83.8,85.3 1 0
github.com/go-ruby-thor/thor/help.go:86.2,89.21 4 0
github.com/go-ruby-thor/thor/help.go:94.67,96.31 2 0
github.com/go-ruby-thor/thor/help.go:96.31,97.15 1 0
github.com/go-ruby-thor/thor/help.go:97.15,98.12 1 0
github.com/go-ruby-thor/thor/help.go:100.3,101.26 2 0
github.com/go-ruby-thor/thor/help.go:101.26,103.4 1 0
github.com/go-ruby-thor/thor/help.go:104.3,104.63 1 0
github.com/go-ruby-thor/thor/help.go:106.2,106.13 1 0
github.com/go-ruby-thor/thor/help.go:110.42,113.22 3 0
github.com/go-ruby-thor/thor/help.go:113.22,114.80 1 0
github.com/go-ruby-thor/thor/help.go:114.80,116.12 2 0
github.com/go-ruby-thor/thor/help.go:118.3,118.14 1 0
github.com/go-ruby-thor/thor/help.go:118.14,121.4 2 0
github.com/go-ruby-thor/thor/help.go:122.3,122.17 1 0
github.com/go-ruby-thor/thor/help.go:126.2,127.39 2 0
github.com/go-ruby-thor/thor/help.go:127.39,129.3 1 0
github.com/go-ruby-thor/thor/help.go:130.2,130.46 1 0
github.com/go-ruby-thor/thor/help.go:130.46,132.3 1 0
github.com/go-ruby-thor/thor/help.go:133.2,133.12 1 0
github.com/go-ruby-thor/thor/help.go:136.27,138.2 1 0
github.com/go-ruby-thor/thor/help.go:142.62,145.28 3 0
github.com/go-ruby-thor/thor/help.go:145.28,146.36 1 0
github.com/go-ruby-thor/thor/help.go:146.36,148.4 1 0
github.com/go-ruby-thor/thor/help.go:149.3,149.47 1 0
github.com/go-ruby-thor/thor/help.go:151.2,153.26 3 0
github.com/go-ruby-thor/thor/help.go:153.26,154.14 1 0
github.com/go-ruby-thor/thor/help.go:154.14,155.12 1 0
github.com/go-ruby-thor/thor/help.go:157.3,157.58 1 0
github.com/go-ruby-thor/thor/help.go:159.2,159.12 1 0
github.com/go-ruby-thor/thor/help.go:165.79,171.33 5 0
github.com/go-ruby-thor/thor/help.go:171.33,172.36 1 0
github.com/go-ruby-thor/thor/help.go:172.36,174.4 1 0
github.com/go-ruby-thor/thor/help.go:175.3,175.47 1 0
github.com/go-ruby-thor/thor/help.go:177.2,179.26 3 0
github.com/go-ruby-thor/thor/help.go:179.26,180.14 1 0
github.com/go-ruby-thor/thor/help.go:180.14,181.12 1 0
github.com/go-ruby-thor/thor/help.go:183.3,183.58 1 0
github.com/go-ruby-thor/thor/help.go:185.2,185.12 1 0
github.com/go-ruby-thor/thor/help.go:190.76,192.28 2 0
github.com/go-ruby-thor/thor/help.go:192.28,193.14 1 0
github.com/go-ruby-thor/thor/help.go:193.14,195.9 2 0
github.com/go-ruby-thor/thor/help.go:198.2,198.35 1 0
github.com/go-ruby-thor/thor/help.go:198.35,199.24 1 0
github.com/go-ruby-thor/thor/help.go:199.24,201.4 1 0
github.com/go-ruby-thor/thor/help.go:203.2,203.23 1 0
github.com/go-ruby-thor/thor/help.go:203.23,205.3 1 0
github.com/go-ruby-thor/thor/help.go:207.2,208.28 2 0
github.com/go-ruby-thor/thor/help.go:208.28,209.49 1 0
github.com/go-ruby-thor/thor/help.go:209.49,211.4 1 0
github.com/go-ruby-thor/thor/help.go:214.2,215.28 2 0
github.com/go-ruby-thor/thor/help.go:215.28,216.13 1 0
github.com/go-ruby-thor/thor/help.go:216.13,217.12 1 0
github.com/go-ruby-thor/thor/help.go:219.3,220.19 2 0
github.com/go-ruby-thor/thor/help.go:220.19,222.4 1 0
github.com/go-ruby-thor/thor/help.go:223.3,224.22 2 0
github.com/go-ruby-thor/thor/help.go:224.22,226.4 1 0
github.com/go-ruby-thor/thor/help.go:227.3,227.22 1 0
github.com/go-ruby-thor/thor/help.go:227.22,229.4 1 0
github.com/go-ruby-thor/thor/help.go:231.2,231.20 1 0
github.com/go-ruby-thor/thor/help.go:231.20,233.3 1 0
github.com/go-ruby-thor/thor/help.go:235.2,236.21 2 0
github.com/go-ruby-thor/thor/help.go:236.21,238.3 1 0
github.com/go-ruby-thor/thor/help.go:238.8,240.3 1 0
github.com/go-ruby-thor/thor/help.go:241.2,243.18 3 0
github.com/go-ruby-thor/thor/help.go:250.45,250.77 1 0
github.com/go-ruby-thor/thor/help.go:251.45,251.78 1 0
github.com/go-ruby-thor/thor/help.go:252.45,252.81 1 0
github.com/go-ruby-thor/thor/help.go:253.45,253.90 1 0
github.com/go-ruby-thor/thor/inspect.go:15.35,18.22 3 0
github.com/go-ruby-thor/thor/inspect.go:18.22,19.12 1 0
github.com/go-ruby-thor/thor/inspect.go:20.12,21.23 1 0
github.com/go-ruby-thor/thor/inspect.go:22.13,23.23 1 0
github.com/go-ruby-thor/thor/inspect.go:24.13,25.23 1 0
github.com/go-ruby-thor/thor/inspect.go:26.13,27.23 1 0
github.com/go-ruby-thor/thor/inspect.go:28.13,29.23 1 0
github.com/go-ruby-thor/thor/inspect.go:30.13,31.23 1 0
github.com/go-ruby-thor/thor/inspect.go:32.13,33.23 1 0
github.com/go-ruby-thor/thor/inspect.go:34.13,35.23 1 0
github.com/go-ruby-thor/thor/inspect.go:36.13,37.23 1 0
github.com/go-ruby-thor/thor/inspect.go:38.10,39.23 1 0
github.com/go-ruby-thor/thor/inspect.go:40.13,41.23 1 0
github.com/go-ruby-thor/thor/inspect.go:42.11,43.18 1 0
github.com/go-ruby-thor/thor/inspect.go:46.2,47.19 2 0
github.com/go-ruby-thor/thor/inspect.go:52.33,53.23 1 0
github.com/go-ruby-thor/thor/inspect.go:54.14,55.24 1 0
github.com/go-ruby-thor/thor/inspect.go:56.12,57.31 1 0
github.com/go-ruby-thor/thor/inspect.go:58.13,59.34 1 0
github.com/go-ruby-thor/thor/inspect.go:60.15,61.24 1 0
github.com/go-ruby-thor/thor/inspect.go:62.11,63.15 1 0
github.com/go-ruby-thor/thor/inspect.go:65.2,65.26 1 0
github.com/go-ruby-thor/thor/inspect.go:70.35,71.23 1 0
github.com/go-ruby-thor/thor/inspect.go:72.14,73.11 1 0
github.com/go-ruby-thor/thor/inspect.go:74.12,75.31 1 0
github.com/go-ruby-thor/thor/inspect.go:76.13,77.34 1 0
github.com/go-ruby-thor/thor/inspect.go:78.11,79.25 1 0
github.com/go-ruby-thor/thor/inspect.go:80.15,81.24 1 0
github.com/go-ruby-thor/thor/inspect.go:82.11,83.12 1 0
github.com/go-ruby-thor/thor/inspect.go:85.2,85.11 1 0
github.com/go-ruby-thor/thor/inspect.go:90.36,92.36 2 0
github.com/go-ruby-thor/thor/inspect.go:92.36,94.3 1 0
github.com/go-ruby-thor/thor/inspect.go:95.2,95.10 1 0
github.com/go-ruby-thor/thor/option.go:64.56,66.17 2 1
github.com/go-ruby-thor/thor/option.go:66.17,68.3 1 0
github.com/go-ruby-thor/thor/option.go:69.2,69.31 1 1
github.com/go-ruby-thor/thor/option.go:69.31,71.3 1 0
github.com/go-ruby-thor/thor/option.go:72.2,72.18 1 1
github.com/go-ruby-thor/thor/option.go:72.18,74.3 1 1
github.com/go-ruby-thor/thor/option.go:75.2,76.16 2 1
github.com/go-ruby-thor/thor/option.go:79.50,81.28 2 1
github.com/go-ruby-thor/thor/option.go:81.28,82.33 1 0
github.com/go-ruby-thor/thor/option.go:82.33,84.4 1 0
github.com/go-ruby-thor/thor/option.go:85.3,85.23 1 0
github.com/go-ruby-thor/thor/option.go:87.2,87.12 1 1
github.com/go-ruby-thor/thor/option.go:91.33,91.60 1 1
github.com/go-ruby-thor/thor/option.go:94.36,94.62 1 0
github.com/go-ruby-thor/thor/option.go:97.36,97.77 1 1
github.com/go-ruby-thor/thor/option.go:99.35,101.2 1 0
github.com/go-ruby-thor/thor/option.go:103.33,105.16 2 1
github.com/go-ruby-thor/thor/option.go:105.16,107.3 1 1
github.com/go-ruby-thor/thor/option.go:108.2,108.49 1 1
github.com/go-ruby-thor/thor/option.go:112.38,113.20 1 1
github.com/go-ruby-thor/thor/option.go:113.20,115.3 1 0
github.com/go-ruby-thor/thor/option.go:116.2,116.26 1 1
github.com/go-ruby-thor/thor/option.go:120.37,121.20 1 1
github.com/go-ruby-thor/thor/option.go:121.20,123.3 1 0
github.com/go-ruby-thor/thor/option.go:124.2,124.15 1 1
github.com/go-ruby-thor/thor/option.go:127.41,128.15 1 1
github.com/go-ruby-thor/thor/option.go:129.15,130.12 1 0
github.com/go-ruby-thor/thor/option.go:131.14,132.40 1 1
github.com/go-ruby-thor/thor/option.go:133.15,134.13 1 0
github.com/go-ruby-thor/thor/option.go:135.12,136.21 1 0
github.com/go-ruby-thor/thor/option.go:137.13,138.25 1 0
github.com/go-ruby-thor/thor/option.go:140.2,140.11 1 0
github.com/go-ruby-thor/thor/option.go:145.43,146.25 1 0
github.com/go-ruby-thor/thor/option.go:146.25,148.3 1 0
github.com/go-ruby-thor/thor/option.go:149.2,149.45 1 0
github.com/go-ruby-thor/thor/option.go:154.44,156.35 2 0
github.com/go-ruby-thor/thor/option.go:156.35,158.3 1 0
github.com/go-ruby-thor/thor/option.go:158.8,158.27 1 0
github.com/go-ruby-thor/thor/option.go:158.27,160.3 1 0
github.com/go-ruby-thor/thor/option.go:160.8,162.3 1 0
github.com/go-ruby-thor/thor/option.go:163.2,163.17 1 0
github.com/go-ruby-thor/thor/option.go:163.17,165.3 1 0
github.com/go-ruby-thor/thor/option.go:166.2,166.66 1 0
github.com/go-ruby-thor/thor/option.go:166.66,168.3 1 0
github.com/go-ruby-thor/thor/option.go:169.2,169.53 1 0
github.com/go-ruby-thor/thor/option.go:172.40,173.61 1 0
github.com/go-ruby-thor/thor/option.go:173.61,174.33 1 0
github.com/go-ruby-thor/thor/option.go:174.33,176.4 1 0
github.com/go-ruby-thor/thor/option.go:178.2,178.14 1 0
github.com/go-ruby-thor/thor/option.go:182.40,183.21 1 0
github.com/go-ruby-thor/thor/option.go:183.21,185.3 1 0
github.com/go-ruby-thor/thor/option.go:186.2,186.46 1 0
github.com/go-ruby-thor/thor/option.go:190.35,192.2 1 0
github.com/go-ruby-thor/thor/option.go:195.37,196.31 1 0
github.com/go-ruby-thor/thor/option.go:197.12,198.14 1 0
github.com/go-ruby-thor/thor/option.go:199.11,200.15 1 0
github.com/go-ruby-thor/thor/option.go:201.14,202.17 1 0
github.com/go-ruby-thor/thor/option.go:203.16,204.21 1 0
github.com/go-ruby-thor/thor/option.go:205.19,206.22 1 0
github.com/go-ruby-thor/thor/option.go:207.10,208.18 1 0
github.com/go-ruby-thor/thor/option.go:213.40,214.20 1 0
github.com/go-ruby-thor/thor/option.go:214.20,215.42 1 0
github.com/go-ruby-thor/thor/option.go:215.42,217.26 2 0
github.com/go-ruby-thor/thor/option.go:217.26,219.5 1 0
github.com/go-ruby-thor/thor/option.go:220.4,220.35 1 0
github.com/go-ruby-thor/thor/option.go:223.2,223.34 1 0
github.com/go-ruby-thor/thor/parser.go:27.44,28.32 1 0
github.com/go-ruby-thor/thor/parser.go:28.32,30.3 1 0
github.com/go-ruby-thor/thor/parser.go:33.2,34.34 2 0
github.com/go-ruby-thor/thor/parser.go:34.34,36.3 1 0
github.com/go-ruby-thor/thor/parser.go:37.2,37.38 1 0
github.com/go-ruby-thor/thor/parser.go:81.128,89.2 1 1
github.com/go-ruby-thor/thor/parser.go:91.44,93.32 2 1
github.com/go-ruby-thor/thor/parser.go:93.32,94.17 1 0
github.com/go-ruby-thor/thor/parser.go:94.17,96.4 1 0
github.com/go-ruby-thor/thor/parser.go:98.2,98.33 1 1
github.com/go-ruby-thor/thor/parser.go:98.33,99.17 1 0
github.com/go-ruby-thor/thor/parser.go:99.17,101.4 1 0
github.com/go-ruby-thor/thor/parser.go:103.2,103.12 1 1
github.com/go-ruby-thor/thor/parser.go:108.57,121.32 2 1
github.com/go-ruby-thor/thor/parser.go:121.32,123.25 2 1
github.com/go-ruby-thor/thor/parser.go:123.25,125.4 1 0
github.com/go-ruby-thor/thor/parser.go:125.9,125.26 1 1
github.com/go-ruby-thor/thor/parser.go:125.26,127.4 1 0
github.com/go-ruby-thor/thor/parser.go:130.2,130.23 1 1
github.com/go-ruby-thor/thor/parser.go:130.23,131.39 1 0
github.com/go-ruby-thor/thor/parser.go:131.39,135.4 3 0
github.com/go-ruby-thor/thor/parser.go:138.2,138.32 1 1
github.com/go-ruby-thor/thor/parser.go:138.32,140.33 2 1
github.com/go-ruby-thor/thor/parser.go:140.33,141.33 1 0
github.com/go-ruby-thor/thor/parser.go:141.33,143.5 1 0
github.com/go-ruby-thor/thor/parser.go:147.2,147.36 1 1
github.com/go-ruby-thor/thor/parser.go:147.36,149.3 1 0
github.com/go-ruby-thor/thor/parser.go:150.2,150.56 1 1
github.com/go-ruby-thor/thor/parser.go:153.54,154.44 1 0
github.com/go-ruby-thor/thor/parser.go:154.44,155.31 1 0
github.com/go-ruby-thor/thor/parser.go:155.31,158.4 2 0
github.com/go-ruby-thor/thor/parser.go:162.46,163.42 1 1
github.com/go-ruby-thor/thor/parser.go:163.42,164.15 1 0
github.com/go-ruby-thor/thor/parser.go:164.15,167.4 2 0
github.com/go-ruby-thor/thor/parser.go:173.33,175.22 2 1
github.com/go-ruby-thor/thor/parser.go:175.22,177.3 1 0
github.com/go-ruby-thor/thor/parser.go:178.2,180.10 3 1
github.com/go-ruby-thor/thor/parser.go:183.52,186.2 2 0
github.com/go-ruby-thor/thor/parser.go:188.45,191.2 2 0
github.com/go-ruby-thor/thor/parser.go:193.30,193.57 1 1
github.com/go-ruby-thor/thor/parser.go:198.40,199.23 1 1
github.com/go-ruby-thor/thor/parser.go:199.23,200.23 1 0
github.com/go-ruby-thor/thor/parser.go:200.23,202.4 1 0
github.com/go-ruby-thor/thor/parser.go:203.3,203.25 1 0
github.com/go-ruby-thor/thor/parser.go:205.2,205.22 1 1
github.com/go-ruby-thor/thor/parser.go:205.22,207.3 1 1
github.com/go-ruby-thor/thor/parser.go:208.2,209.23 2 1
github.com/go-ruby-thor/thor/parser.go:209.23,212.39 3 0
github.com/go-ruby-thor/thor/parser.go:212.39,214.4 1 0
github.com/go-ruby-thor/thor/parser.go:215.3,215.23 1 0
github.com/go-ruby-thor/thor/parser.go:215.23,217.4 1 0
github.com/go-ruby-thor/thor/parser.go:218.3,218.25 1 0
github.com/go-ruby-thor/thor/parser.go:220.2,220.21 1 1
github.com/go-ruby-thor/thor/parser.go:223.41,226.2 2 1
github.com/go-ruby-thor/thor/parser.go:230.43,235.6 4 1
github.com/go-ruby-thor/thor/parser.go:235.6,236.29 1 1
github.com/go-ruby-thor/thor/parser.go:236.29,237.9 1 1
github.com/go-ruby-thor/thor/parser.go:239.3,239.26 1 1
github.com/go-ruby-thor/thor/parser.go:239.26,243.16 3 1
github.com/go-ruby-thor/thor/parser.go:243.16,245.12 2 1
github.com/go-ruby-thor/thor/parser.go:246.41,249.29 3 0
github.com/go-ruby-thor/thor/parser.go:249.29,251.7 1 0
github.com/go-ruby-thor/thor/parser.go:252.6,253.14 2 0
github.com/go-ruby-thor/thor/parser.go:254.36,257.22 3 0
github.com/go-ruby-thor/thor/parser.go:258.42,261.22 3 0
github.com/go-ruby-thor/thor/parser.go:262.38,263.55 1 1
github.com/go-ruby-thor/thor/parser.go:264.39,265.56 1 0
github.com/go-ruby-thor/thor/parser.go:267.5,270.19 4 1
github.com/go-ruby-thor/thor/parser.go:270.19,272.6 1 0
github.com/go-ruby-thor/thor/parser.go:273.5,273.35 1 1
github.com/go-ruby-thor/thor/parser.go:274.10,274.30 1 1
github.com/go-ruby-thor/thor/parser.go:274.30,277.41 3 0
github.com/go-ruby-thor/thor/parser.go:277.41,279.6 1 0
github.com/go-ruby-thor/thor/parser.go:280.5,280.9 1 0
github.com/go-ruby-thor/thor/parser.go:280.9,281.32 1 0
github.com/go-ruby-thor/thor/parser.go:281.32,282.12 1 0
github.com/go-ruby-thor/thor/parser.go:284.6,284.42 1 0
github.com/go-ruby-thor/thor/parser.go:286.5,286.10 1 0
github.com/go-ruby-thor/thor/parser.go:287.10,287.20 1 1
github.com/go-ruby-thor/thor/parser.go:287.20,289.9 2 0
github.com/go-ruby-thor/thor/parser.go:289.9,291.43 2 0
github.com/go-ruby-thor/thor/parser.go:291.43,292.12 1 0
github.com/go-ruby-thor/thor/parser.go:294.6,294.42 1 0
github.com/go-ruby-thor/thor/parser.go:296.10,298.5 1 1
github.com/go-ruby-thor/thor/parser.go:299.9,301.4 1 0
github.com/go-ruby-thor/thor/parser.go:304.2,304.29 1 1
github.com/go-ruby-thor/thor/parser.go:304.29,305.46 1 1
github.com/go-ruby-thor/thor/parser.go:305.46,307.4 1 0
github.com/go-ruby-thor/thor/parser.go:309.2,309.43 1 1
github.com/go-ruby-thor/thor/parser.go:309.43,311.3 1 0
github.com/go-ruby-thor/thor/parser.go:312.2,312.44 1 1
github.com/go-ruby-thor/thor/parser.go:312.44,314.3 1 0
github.com/go-ruby-thor/thor/parser.go:315.2,315.12 1 1
github.com/go-ruby-thor/thor/parser.go:320.64,321.24 1 1
github.com/go-ruby-thor/thor/parser.go:321.24,323.3 1 0
github.com/go-ruby-thor/thor/parser.go:324.2,325.9 2 1
github.com/go-ruby-thor/thor/parser.go:325.9,327.3 1 0
github.com/go-ruby-thor/thor/parser.go:328.2,328.9 1 1
github.com/go-ruby-thor/thor/parser.go:329.30,330.59 1 1
github.com/go-ruby-thor/thor/parser.go:331.31,332.60 1 0
github.com/go-ruby-thor/thor/parser.go:333.28,334.57 1 0
github.com/go-ruby-thor/thor/parser.go:335.34,336.63 1 0
github.com/go-ruby-thor/thor/parser.go:337.33,339.26 2 0
github.com/go-ruby-thor/thor/parser.go:339.26,340.34 1 0
github.com/go-ruby-thor/thor/parser.go:340.34,342.5 1 0
github.com/go-ruby-thor/thor/parser.go:344.3,344.21 1 0
github.com/go-ruby-thor/thor/parser.go:346.2,346.21 1 1
github.com/go-ruby-thor/thor/parser.go:349.50,350.24 1 1
github.com/go-ruby-thor/thor/parser.go:350.24,352.3 1 0
github.com/go-ruby-thor/thor/parser.go:353.2,354.9 2 1
github.com/go-ruby-thor/thor/parser.go:354.9,356.3 1 0
github.com/go-ruby-thor/thor/parser.go:357.2,358.58 1 1
github.com/go-ruby-thor/thor/parser.go:361.40,362.24 1 0
github.com/go-ruby-thor/thor/parser.go:362.24,364.3 1 0
github.com/go-ruby-thor/thor/parser.go:365.2,366.9 2 0
github.com/go-ruby-thor/thor/parser.go:366.9,368.3 1 0
github.com/go-ruby-thor/thor/parser.go:369.2,369.26 1 0
github.com/go-ruby-thor/thor/parser.go:369.26,371.3 1 0
github.com/go-ruby-thor/thor/parser.go:373.2,373.34 1 0
github.com/go-ruby-thor/thor/parser.go:377.42,378.32 1 0
github.com/go-ruby-thor/thor/parser.go:378.32,380.3 1 0
github.com/go-ruby-thor/thor/parser.go:381.2,383.30 3 0
github.com/go-ruby-thor/thor/parser.go:383.30,387.3 1 0
github.com/go-ruby-thor/thor/parser.go:388.2,388.22 1 0
github.com/go-ruby-thor/thor/parser.go:391.43,393.2 1 1
github.com/go-ruby-thor/thor/parser.go:395.51,396.33 1 1
github.com/go-ruby-thor/thor/parser.go:396.33,397.37 1 0
github.com/go-ruby-thor/thor/parser.go:397.37,399.4 1 0
github.com/go-ruby-thor/thor/parser.go:400.3,400.28 1 0
github.com/go-ruby-thor/thor/parser.go:402.2,402.24 1 1
github.com/go-ruby-thor/thor/parser.go:405.53,406.32 1 1
github.com/go-ruby-thor/thor/parser.go:406.32,408.3 1 0
github.com/go-ruby-thor/thor/parser.go:409.2,409.42 1 1
github.com/go-ruby-thor/thor/parser.go:413.34,415.14 2 1
github.com/go-ruby-thor/thor/parser.go:415.14,417.3 1 1
github.com/go-ruby-thor/thor/parser.go:418.2,418.13 1 0
github.com/go-ruby-thor/thor/parser.go:423.59,424.19 1 1
github.com/go-ruby-thor/thor/parser.go:424.19,426.3 1 0
github.com/go-ruby-thor/thor/parser.go:427.2,427.45 1 1
github.com/go-ruby-thor/thor/parser.go:427.45,430.9 3 0
github.com/go-ruby-thor/thor/parser.go:430.9,432.4 1 0
github.com/go-ruby-thor/thor/parser.go:433.3,433.15 1 0
github.com/go-ruby-thor/thor/parser.go:433.15,435.4 1 0
github.com/go-ruby-thor/thor/parser.go:436.3,436.41 1 0
github.com/go-ruby-thor/thor/parser.go:436.41,438.4 1 0
github.com/go-ruby-thor/thor/parser.go:439.3,439.39 1 0
github.com/go-ruby-thor/thor/parser.go:440.8,440.30 1 1
github.com/go-ruby-thor/thor/parser.go:440.30,443.9 3 0
github.com/go-ruby-thor/thor/parser.go:443.9,445.4 1 0
github.com/go-ruby-thor/thor/parser.go:446.3,447.41 2 0
github.com/go-ruby-thor/thor/parser.go:448.8,450.3 1 1
github.com/go-ruby-thor/thor/parser.go:455.75,456.71 1 1
github.com/go-ruby-thor/thor/parser.go:456.71,457.10 1 0
github.com/go-ruby-thor/thor/parser.go:458.25,458.25 0 0
github.com/go-ruby-thor/thor/parser.go:460.34,461.19 1 0
github.com/go-ruby-thor/thor/parser.go:462.48,463.33 1 0
github.com/go-ruby-thor/thor/parser.go:463.33,465.5 1 0
github.com/go-ruby-thor/thor/parser.go:466.4,466.29 1 0
github.com/go-ruby-thor/thor/parser.go:466.29,468.5 1 0
github.com/go-ruby-thor/thor/parser.go:469.4,469.34 1 0
github.com/go-ruby-thor/thor/parser.go:470.34,471.34 1 0
github.com/go-ruby-thor/thor/parser.go:472.11,474.52 1 0
github.com/go-ruby-thor/thor/parser.go:477.2,478.53 2 1
github.com/go-ruby-thor/thor/parser.go:481.80,482.11 1 1
github.com/go-ruby-thor/thor/parser.go:483.15,484.35 1 0
github.com/go-ruby-thor/thor/parser.go:485.14,486.37 1 1
github.com/go-ruby-thor/thor/parser.go:487.15,488.38 1 0
github.com/go-ruby-thor/thor/parser.go:489.13,490.36 1 0
github.com/go-ruby-thor/thor/parser.go:491.12,492.27 1 0
github.com/go-ruby-thor/thor/parser.go:494.2,494.17 1 0
github.com/go-ruby-thor/thor/parser.go:497.54,498.24 1 0
github.com/go-ruby-thor/thor/parser.go:498.24,500.13 2 0
github.com/go-ruby-thor/thor/parser.go:501.33,503.15 2 0
github.com/go-ruby-thor/thor/parser.go:504.35,506.16 2 0
github.com/go-ruby-thor/thor/parser.go:507.11,508.42 1 0
github.com/go-ruby-thor/thor/parser.go:508.42,510.5 1 0
github.com/go-ruby-thor/thor/parser.go:511.4,511.36 1 0
github.com/go-ruby-thor/thor/parser.go:514.2,514.40 1 0
github.com/go-ruby-thor/thor/parser.go:514.40,516.3 1 0
github.com/go-ruby-thor/thor/parser.go:517.2,517.34 1 0
github.com/go-ruby-thor/thor/parser.go:520.72,521.26 1 1
github.com/go-ruby-thor/thor/parser.go:521.26,523.3 1 0
github.com/go-ruby-thor/thor/parser.go:524.2,525.99 2 1
github.com/go-ruby-thor/thor/parser.go:525.99,527.3 1 0
github.com/go-ruby-thor/thor/parser.go:528.2,528.19 1 1
github.com/go-ruby-thor/thor/parser.go:531.73,534.28 3 0
github.com/go-ruby-thor/thor/parser.go:534.28,537.3 1 0
github.com/go-ruby-thor/thor/parser.go:538.2,539.32 2 0
github.com/go-ruby-thor/thor/parser.go:539.32,542.3 2 0
github.com/go-ruby-thor/thor/parser.go:542.8,545.3 2 0
github.com/go-ruby-thor/thor/parser.go:546.2,546.104 1 0
github.com/go-ruby-thor/thor/parser.go:546.104,548.3 1 0
github.com/go-ruby-thor/thor/parser.go:549.2,549.19 1 0
github.com/go-ruby-thor/thor/parser.go:552.71,554.25 2 0
github.com/go-ruby-thor/thor/parser.go:554.25,556.18 2 0
github.com/go-ruby-thor/thor/parser.go:556.18,558.72 1 0
github.com/go-ruby-thor/thor/parser.go:558.72,560.5 1 0
github.com/go-ruby-thor/thor/parser.go:562.3,562.27 1 0
github.com/go-ruby-thor/thor/parser.go:564.2,564.16 1 0
github.com/go-ruby-thor/thor/parser.go:564.16,566.3 1 0
github.com/go-ruby-thor/thor/parser.go:567.2,567.17 1 0
github.com/go-ruby-thor/thor/parser.go:570.54,572.25 2 0
github.com/go-ruby-thor/thor/parser.go:572.25,574.33 2 0
github.com/go-ruby-thor/thor/parser.go:574.33,575.9 1 0
github.com/go-ruby-thor/thor/parser.go:577.3,580.17 4 0
github.com/go-ruby-thor/thor/parser.go:580.17,585.4 2 0
github.com/go-ruby-thor/thor/parser.go:586.3,586.20 1 0
github.com/go-ruby-thor/thor/parser.go:588.2,588.15 1 0
github.com/go-ruby-thor/thor/parser.go:591.77,592.44 1 1
github.com/go-ruby-thor/thor/parser.go:592.44,594.3 1 1
github.com/go-ruby-thor/thor/parser.go:595.2,595.32 1 0
github.com/go-ruby-thor/thor/parser.go:595.32,596.17 1 0
github.com/go-ruby-thor/thor/parser.go:596.17,598.4 1 0
github.com/go-ruby-thor/thor/parser.go:600.2,601.54 1 0
github.com/go-ruby-thor/thor/parser.go:604.86,605.44 1 0
github.com/go-ruby-thor/thor/parser.go:605.44,607.3 1 0
github.com/go-ruby-thor/thor/parser.go:608.2,609.32 2 0
github.com/go-ruby-thor/thor/parser.go:609.32,610.15 1 0
github.com/go-ruby-thor/thor/parser.go:610.15,612.4 1 0
github.com/go-ruby-thor/thor/parser.go:614.2,615.52 1 0
github.com/go-ruby-thor/thor/parser.go:619.46,625.2 5 0
github.com/go-ruby-thor/thor/parser.go:627.46,629.11 2 0
github.com/go-ruby-thor/thor/parser.go:629.11,631.3 1 0
github.com/go-ruby-thor/thor/parser.go:632.2,632.37 1 0
github.com/go-ruby-thor/thor/parser.go:637.43,638.37 1 1
github.com/go-ruby-thor/thor/parser.go:638.37,640.3 1 1
github.com/go-ruby-thor/thor/parser.go:641.2,642.42 2 0
github.com/go-ruby-thor/thor/parser.go:642.42,644.3 1 0
github.com/go-ruby-thor/thor/parser.go:645.2,646.78 1 0
github.com/go-ruby-thor/thor/parser.go:649.41,651.34 2 1
github.com/go-ruby-thor/thor/parser.go:651.34,652.42 1 0
github.com/go-ruby-thor/thor/parser.go:652.42,657.4 3 0
github.com/go-ruby-thor/thor/parser.go:659.2,659.12 1 1
github.com/go-ruby-thor/thor/parser.go:662.42,664.38 2 1
github.com/go-ruby-thor/thor/parser.go:664.38,666.27 2 0
github.com/go-ruby-thor/thor/parser.go:666.27,667.25 1 0
github.com/go-ruby-thor/thor/parser.go:667.25,669.10 2 0
github.com/go-ruby-thor/thor/parser.go:672.3,672.11 1 0
github.com/go-ruby-thor/thor/parser.go:672.11,677.4 3 0
github.com/go-ruby-thor/thor/parser.go:679.2,679.12 1 1
github.com/go-ruby-thor/thor/parser.go:684.62,686.36 2 0
github.com/go-ruby-thor/thor/parser.go:686.36,687.39 1 0
github.com/go-ruby-thor/thor/parser.go:687.39,689.4 1 0
github.com/go-ruby-thor/thor/parser.go:691.2,691.12 1 0
github.com/go-ruby-thor/thor/parser.go:694.37,696.23 2 0
github.com/go-ruby-thor/thor/parser.go:696.23,698.3 1 0
github.com/go-ruby-thor/thor/parser.go:699.2,699.12 1 0
github.com/go-ruby-thor/thor/parser.go:702.39,704.22 2 0
github.com/go-ruby-thor/thor/parser.go:704.22,705.22 1 0
github.com/go-ruby-thor/thor/parser.go:705.22,707.4 1 0
github.com/go-ruby-thor/thor/parser.go:709.2,709.12 1 0
github.com/go-ruby-thor/thor/parser.go:712.40,714.22 2 0
github.com/go-ruby-thor/thor/parser.go:714.22,715.21 1 0
github.com/go-ruby-thor/thor/parser.go:715.21,717.4 1 0
github.com/go-ruby-thor/thor/parser.go:719.2,719.12 1 0
github.com/go-ruby-thor/thor/parser.go:722.43,723.23 1 0
github.com/go-ruby-thor/thor/parser.go:723.23,724.13 1 0
github.com/go-ruby-thor/thor/parser.go:724.13,726.4 1 0
github.com/go-ruby-thor/thor/parser.go:728.2,728.14 1 0
github.com/go-ruby-thor/thor/shell.go:19.60,21.17 2 0
github.com/go-ruby-thor/thor/shell.go:21.17,22.40 1 0
github.com/go-ruby-thor/thor/shell.go:22.40,24.4 1 0
github.com/go-ruby-thor/thor/shell.go:24.9,26.4 1 0
github.com/go-ruby-thor/thor/shell.go:28.2,28.17 1 0
github.com/go-ruby-thor/thor/shell.go:28.17,30.3 1 0
github.com/go-ruby-thor/thor/shell.go:31.2,31.15 1 0
github.com/go-ruby-thor/thor/shell.go:35.29,38.48 3 0
github.com/go-ruby-thor/thor/shell.go:38.48,39.18 1 0
github.com/go-ruby-thor/thor/shell.go:39.18,41.4 1 0
github.com/go-ruby-thor/thor/shell.go:42.3,42.6 1 0
github.com/go-ruby-thor/thor/shell.go:44.2,45.47 2 0
github.com/go-ruby-thor/thor/shell.go:45.47,47.3 1 0
github.com/go-ruby-thor/thor/shell.go:48.2,48.16 1 0
github.com/go-ruby-thor/thor/shell.go:48.16,50.3 1 0
github.com/go-ruby-thor/thor/shell.go:51.2,52.17 2 0
github.com/go-ruby-thor/thor/shell.go:58.70,59.20 1 0
github.com/go-ruby-thor/thor/shell.go:59.20,61.3 1 0
github.com/go-ruby-thor/thor/shell.go:63.2,64.25 2 0
github.com/go-ruby-thor/thor/shell.go:64.25,65.24 1 0
github.com/go-ruby-thor/thor/shell.go:65.24,67.4 1 0
github.com/go-ruby-thor/thor/shell.go:70.2,72.44 3 0
github.com/go-ruby-thor/thor/shell.go:72.44,74.26 2 0
github.com/go-ruby-thor/thor/shell.go:74.26,75.22 1 0
github.com/go-ruby-thor/thor/shell.go:75.22,76.39 1 0
github.com/go-ruby-thor/thor/shell.go:76.39,78.6 1 0
github.com/go-ruby-thor/thor/shell.go:81.3,82.26 2 0
github.com/go-ruby-thor/thor/shell.go:82.26,84.4 1 0
github.com/go-ruby-thor/thor/shell.go:84.9,86.4 1 0
github.com/go-ruby-thor/thor/shell.go:89.2,90.27 2 0
github.com/go-ruby-thor/thor/shell.go:90.27,92.45 2 0
github.com/go-ruby-thor/thor/shell.go:92.45,94.4 1 0
github.com/go-ruby-thor/thor/shell.go:95.3,96.24 2 0
github.com/go-ruby-thor/thor/shell.go:96.24,98.4 1 0
github.com/go-ruby-thor/thor/shell.go:99.3,99.54 1 0
github.com/go-ruby-thor/thor/shell.go:101.2,101.12 1 0
github.com/go-ruby-thor/thor/shell.go:106.51,108.25 2 0
github.com/go-ruby-thor/thor/shell.go:108.25,110.3 1 0
github.com/go-ruby-thor/thor/shell.go:111.2,112.11 2 0
github.com/go-ruby-thor/thor/shell.go:112.11,114.3 1 0
github.com/go-ruby-thor/thor/shell.go:115.2,115.34 1 0
github.com/go-ruby-thor/thor/shell.go:121.63,125.34 4 0
github.com/go-ruby-thor/thor/shell.go:125.34,127.22 2 0
github.com/go-ruby-thor/thor/shell.go:127.22,128.12 1 0
github.com/go-ruby-thor/thor/shell.go:130.3,132.34 3 0
github.com/go-ruby-thor/thor/shell.go:132.34,133.39 1 0
github.com/go-ruby-thor/thor/shell.go:133.39,136.5 2 0
github.com/go-ruby-thor/thor/shell.go:136.10,139.5 2 0
github.com/go-ruby-thor/thor/shell.go:141.3,141.34 1 0
github.com/go-ruby-thor/thor/shell.go:144.2,145.32 2 0
github.com/go-ruby-thor/thor/shell.go:145.32,146.50 1 0
github.com/go-ruby-thor/thor/shell.go:146.50,148.4 1 0
github.com/go-ruby-thor/thor/shell.go:149.3,149.27 1 0
github.com/go-ruby-thor/thor/shell.go:149.27,151.4 1 0
github.com/go-ruby-thor/thor/shell.go:153.2,153.12 1 0
github.com/go-ruby-thor/thor/value.go:16.34,18.2 1 0
github.com/go-ruby-thor/thor/value.go:23.43,24.33 1 0
github.com/go-ruby-thor/thor/value.go:24.33,26.3 1 0
github.com/go-ruby-thor/thor/value.go:27.2,27.21 1 0
github.com/go-ruby-thor/thor/value.go:31.53,34.2 2 0
github.com/go-ruby-thor/thor/value.go:37.43,40.2 2 0
github.com/go-ruby-thor/thor/value.go:43.32,43.54 1 0
github.com/go-ruby-thor/thor/value.go:46.38,46.55 1 0
github.com/go-ruby-thor/thor/value.go:50.47,51.31 1 0
github.com/go-ruby-thor/thor/value.go:51.31,53.3 1 0
github.com/go-ruby-thor/thor/value.go:73.30,75.2 1 1
github.com/go-ruby-thor/thor/value.go:78.45,79.33 1 1
github.com/go-ruby-thor/thor/value.go:79.33,81.3 1 1
github.com/go-ruby-thor/thor/value.go:82.2,82.21 1 1
github.com/go-ruby-thor/thor/value.go:86.48,89.2 2 1
github.com/go-ruby-thor/thor/value.go:92.41,95.2 2 0
github.com/go-ruby-thor/thor/value.go:98.30,98.52 1 0
github.com/go-ruby-thor/thor/value.go:101.36,101.53 1 1
